Compiling...
Running MPI program...

Training...

Training...

Training...

Training...

Training...

Training...

Training...

Training...

Testing...

Testing...

Testing...

Testing...

Testing...

Testing...

Testing...

Testing...

Total encerts = 888

Total encerts = 888


Goodbye! (9.942260 sec)


Total encerts = 888

Total encerts = 888


Goodbye! (9.942374 sec)


Total encerts = 888


Goodbye! (9.942337 sec)


Total encerts = 888


Goodbye! (9.942666 sec)


Total encerts = 888


Goodbye! (9.942156 sec)



Goodbye! (9.942376 sec)


Total encerts = 888


Goodbye! (9.942397 sec)



Goodbye! (9.942772 sec)

Done.
