MPI amb 36 processos

Training...
Epoch 0 time: 0.067712 seconds
Epoch 1 time: 0.057980 seconds
Epoch 2 time: 0.057612 seconds
Epoch 3 time: 0.055796 seconds
Epoch 4 time: 0.054194 seconds
Epoch 5 time: 0.055340 seconds
Epoch 6 time: 0.054826 seconds
Epoch 7 time: 0.253022 seconds
Epoch 8 time: 0.054646 seconds
Epoch 9 time: 0.055403 seconds
Epoch 10 time: 0.054843 seconds
Epoch 11 time: 0.056563 seconds
Epoch 12 time: 0.260410 seconds
Epoch 13 time: 0.054470 seconds
Epoch 14 time: 0.053836 seconds
Epoch 15 time: 0.175671 seconds
Epoch 16 time: 0.063589 seconds
Epoch 17 time: 0.056378 seconds
Epoch 18 time: 0.069850 seconds
Epoch 19 time: 0.261780 seconds
Epoch 20 time: 0.384041 seconds
Epoch 21 time: 0.054477 seconds
Epoch 22 time: 0.054579 seconds
Epoch 23 time: 0.054752 seconds
Epoch 24 time: 0.057492 seconds
Epoch 25 time: 0.054816 seconds
Epoch 26 time: 0.054727 seconds
Epoch 27 time: 0.054661 seconds
Epoch 28 time: 0.054803 seconds
Epoch 29 time: 0.055673 seconds
Epoch 30 time: 0.058148 seconds
Epoch 31 time: 0.054402 seconds
Epoch 32 time: 0.055958 seconds
Epoch 33 time: 0.054709 seconds
Epoch 34 time: 0.059983 seconds
Epoch 35 time: 0.055428 seconds
Epoch 36 time: 0.055373 seconds
Epoch 37 time: 0.055722 seconds
Epoch 38 time: 0.056150 seconds
Epoch 39 time: 0.055309 seconds
Epoch 40 time: 0.059971 seconds
Epoch 41 time: 0.055890 seconds
Epoch 42 time: 0.054762 seconds
Epoch 43 time: 0.055901 seconds
Epoch 44 time: 0.055742 seconds
Epoch 45 time: 0.260801 seconds
Epoch 46 time: 0.054041 seconds
Epoch 47 time: 0.054464 seconds
Epoch 48 time: 0.054455 seconds
Epoch 49 time: 0.054157 seconds
Epoch 50 time: 0.071492 seconds
Epoch 51 time: 0.133053 seconds
Epoch 52 time: 0.256564 seconds
Epoch 53 time: 0.258782 seconds
Epoch 54 time: 0.055242 seconds
Epoch 55 time: 0.054362 seconds
Epoch 56 time: 0.054665 seconds
Epoch 57 time: 0.056015 seconds
Epoch 58 time: 0.055528 seconds
Epoch 59 time: 0.258516 seconds
Epoch 60 time: 0.054312 seconds
Epoch 61 time: 0.057520 seconds
Epoch 62 time: 0.055991 seconds
Epoch 63 time: 0.056074 seconds
Epoch 64 time: 0.055144 seconds
Epoch 65 time: 0.055843 seconds
Epoch 66 time: 0.056108 seconds
Epoch 67 time: 0.054798 seconds
Epoch 68 time: 0.055058 seconds
Epoch 69 time: 0.054959 seconds
Epoch 70 time: 0.054553 seconds
Epoch 71 time: 0.330607 seconds
Epoch 72 time: 0.054628 seconds
Epoch 73 time: 0.055314 seconds
Epoch 74 time: 0.055548 seconds
Epoch 75 time: 0.251873 seconds
Epoch 76 time: 0.054354 seconds
Epoch 77 time: 0.256835 seconds
Epoch 78 time: 0.055223 seconds
Epoch 79 time: 0.256065 seconds
Epoch 80 time: 0.054751 seconds
Epoch 81 time: 0.056801 seconds
Epoch 82 time: 0.257791 seconds
Epoch 83 time: 0.055160 seconds
Epoch 84 time: 0.055831 seconds
Epoch 85 time: 0.065048 seconds
Epoch 86 time: 0.262310 seconds
Epoch 87 time: 0.064037 seconds
Epoch 88 time: 0.256855 seconds
Epoch 89 time: 0.258210 seconds
Epoch 90 time: 0.263895 seconds
Epoch 91 time: 0.058521 seconds
Epoch 92 time: 0.056402 seconds
Epoch 93 time: 0.056262 seconds
Epoch 94 time: 0.257020 seconds
Epoch 95 time: 0.262306 seconds
Epoch 96 time: 0.264790 seconds
Epoch 97 time: 0.262041 seconds
Epoch 98 time: 0.257415 seconds
Epoch 99 time: 0.256719 seconds

Testing...
Test time: 0.219651 seconds

Total encerts = 895


Goodbye! (10.941182 sec)

